Rebuild target 'Target 1'
compiling main.c...
compiling GPIO.c...
compiling timer.c...
compiling usart.c...
compiling IIC.C...
compiling SC8913.C...
compiling charger.c...
compiling Dwin.c...
compiling ModbusMaster.c...
assembling STARTUP.A51...
linking...
*** WARNING L16: UNCALLED SEGMENT, IGNORED FOR OVERLAY PROCESS
    SEGMENT: ?PR?_UARTX_PRINTF?USART

*** WARNING L16: UNCALLED SEGMENT, IGNORED FOR OVERLAY PROCESS
    SEGMENT: ?PR?_DWIN_SEND?DWIN

*** WARNING L16: UNCALLED SEGMENT, IGNORED FOR OVERLAY PROCESS
    SEGMENT: ?PR?_DWIN_READ?DWIN

Program Size: data=105.1 xdata=2035 code=11577
creating hex file from ".\Objects\ChargerPlus"...
".\Objects\ChargerPlus" - 0 Error(s), 3 Warning(s).
Build Time Elapsed:  00:00:01
